<?xml version="1.0" encoding="UTF-8"?>
<testsuite xmlns:xsi="http://www.w3.org/2001/XMLSchema-instance" xsi:noNamespaceSchemaLocation="https://maven.apache.org/surefire/maven-failsafe-plugin/xsd/failsafe-test-report.xsd" name="com.tigerspike.homepage.test.cucumber.DefinitionTestSuite" time="126.68" tests="5" errors="0" skipped="0" failures="0">
  <properties>
[...]
</properties>
  <testcase name="Given the user is on the Ebay home page" classname="Scenario: Search for a category" time="0.001"/>
  <testcase name="When the user selects category &apos;cycling&apos;" classname="Scenario: Search for a category" time="0"/>
  <testcase name="And the user shop by sub category &apos;Bicycles&apos;" classname="Scenario: Search for a category" time="0"/>
  <testcase name="And the user selects brand and items" classname="Scenario: Search for a category" time="0"/>
  <testcase name="Scenario: Search for a category" classname="Scenario: Search for a category" time="1.275"/>
</testsuite>