<?xml version="1.0" encoding="UTF-8"?>
<testsuite name="com.hipages.test.cucumber.HiPagesRunnerTestSuite" time="3.766" tests="27" errors="0" skipped="0" failures="0">
  <properties>
[...]
</properties>
  <testcase name="Given the user is on Google search page" classname="Scenario: Test google search field" time="0.001"/>
  <testcase name="When the user enters text &quot;hipages&quot;" classname="Scenario: Test google search field" time="0"/>
  <testcase name="Then verify the search result" classname="Scenario: Test google search field" time="0"/>
  <testcase name="Scenario: Test google search field" classname="Scenario: Test google search field" time="2.295"/>
  <testcase name="Given the user is on Google search page" classname="Scenario: Test google voice search mouse over" time="0"/>
  <testcase name="When the user mouse over voice search" classname="Scenario: Test google voice search mouse over" time="0"/>
  <testcase name="Then Verify the mouse over text" classname="Scenario: Test google voice search mouse over" time="0.001"/>
  <testcase name="Scenario: Test google voice search mouse over" classname="Scenario: Test google voice search mouse over" time="0.212"/>
  <testcase name="Given the user is on Google search page" classname="Scenario: Test google serach buttons" time="0"/>
  <testcase name="Given the user is on Google search page" classname="Scenario: Test google serach buttons" time="0"/>
  <testcase name="Then verify google search buttons" classname="Scenario: Test google serach buttons" time="0"/>
  <testcase name="Scenario: Test google serach buttons" classname="Scenario: Test google serach buttons" time="0.286"/>
  <testcase name="Scenario: Test google serach buttons" classname="Scenario: Test google serach buttons" time="0.181"/>
  <testcase name="Then verify google header buttons" classname="Scenario: Test google serach buttons" time="0"/>
  <testcase name="When I send a GET request to the twitter endpoint,then I must get back a valid status code &quot;200&quot;" classname="Scenario: Check if the twitter search endpoint works" time="0"/>
  <testcase name="Scenario: Check if the twitter search endpoint works" classname="Scenario: Check if the twitter search endpoint works" time="0.227"/>
  <testcase name="When I search for 2 tweets containing @hipages" classname="| @hipages | 2 |" time="0"/>
  <testcase name="Then I verify that the tweets are listed" classname="| @hipages | 2 |" time="0"/>
  <testcase name="| @hipages | 2 |" classname="| @hipages | 2 |" time="0.147"/>
  <testcase name="When I search for 2 tweets containing #hipages" classname="| #hipages | 2 |" time="0"/>
  <testcase name="Then I verify that the tweets are listed" classname="| #hipages | 2 |" time="0"/>
  <testcase name="| #hipages | 2 |" classname="| #hipages | 2 |" time="0.161"/>
  <testcase name="When I search for 2 tweets containing hipges" classname="| hipges | 2 |" time="0"/>
  <testcase name="Then I verify that the tweets are listed" classname="| hipges | 2 |" time="0"/>
  <testcase name="| hipges | 2 |" classname="| hipges | 2 |" time="0.227"/>
  <testcase name="When I send a GET request to the twitter endpoint,then I must get back a valid status code &quot;200&quot;" classname="Scenario: Check if the twitter timeline endpoint works" time="0"/>
  <testcase name="Scenario: Check if the twitter timeline endpoint works" classname="Scenario: Check if the twitter timeline endpoint works" time="0.209"/>
</testsuite>